  Compiling CUDA source file kernel.cu...
  
  C:\Users\aayte\Desktop\repo\ComputerVisionCuda\src\cuda\ComputerVisionCuda>"C:\Program Files\NVIDIA GPU Computing Toolkit\CUDA\v11.7\bin\nvcc.exe" -gencode=arch=compute_52,code=\"sm_52,compute_52\" --use-local-env -ccbin "C:\Program Files\Microsoft Visual Studio\2022\Community\VC\Tools\MSVC\14.32.31326\bin\HostX64\x64" -x cu   -IC:\Users\aayte\Documents\opencv\opencv\build\include -I"C:\Program Files\NVIDIA GPU Computing Toolkit\CUDA\v11.7\include" -I"C:\Program Files\NVIDIA GPU Computing Toolkit\CUDA\v11.7\include"     --keep-dir x64\Release  -maxrregcount=0  --machine 64 --compile -cudart static    -DWIN32 -DWIN64 -DNDEBUG -D_CONSOLE -D_MBCS -Xcompiler "/EHsc /W3 /nologo /O2 /Fdx64\Release\vc143.pdb /FS   /MD " -o C:\Users\aayte\Desktop\repo\ComputerVisionCuda\src\cuda\ComputerVisionCuda\x64\Release\kernel.cu.obj "C:\Users\aayte\Desktop\repo\ComputerVisionCuda\src\cuda\ComputerVisionCuda\kernel.cu" 
C:/Users/aayte/Documents/opencv/opencv/build/include\opencv2/stitching/detail/warpers.hpp(235): warning #611-D: overloaded virtual function "cv::detail::PlaneWarper::buildMaps" is only partially overridden in class "cv::detail::AffineWarper"
  
C:/Users/aayte/Documents/opencv/opencv/build/include\opencv2/stitching/detail/warpers.hpp(235): warning #611-D: overloaded virtual function "cv::detail::PlaneWarper::warp" is only partially overridden in class "cv::detail::AffineWarper"
  
C:/Users/aayte/Documents/opencv/opencv/build/include\opencv2/stitching/detail/blenders.hpp(100): warning #611-D: overloaded virtual function "cv::detail::Blender::prepare" is only partially overridden in class "cv::detail::FeatherBlender"
  
C:/Users/aayte/Documents/opencv/opencv/build/include\opencv2/stitching/detail/blenders.hpp(127): warning #611-D: overloaded virtual function "cv::detail::Blender::prepare" is only partially overridden in class "cv::detail::MultiBandBlender"
  
  device_functions.h is an internal header file and must not be used directly.  This file will be removed in a future CUDA release.  Please use cuda_runtime_api.h or cuda_runtime.h instead.
  The contents of <filesystem> are available only with C++17 or later.
C:\Users\aayte\Desktop\repo\ComputerVisionCuda\src\cuda\ComputerVisionCuda\kernel.cu(278): warning #177-D: variable "cudaStatus" was declared but never referenced
  
C:\Users\aayte\Desktop\repo\ComputerVisionCuda\src\cuda\ComputerVisionCuda\kernel.cu(438): warning #177-D: label "Error" was declared but never referenced
  
C:/Users/aayte/Documents/opencv/opencv/build/include\opencv2/stitching/detail/warpers.hpp(235): warning #611-D: overloaded virtual function "cv::detail::PlaneWarper::buildMaps" is only partially overridden in class "cv::detail::AffineWarper"
  
C:/Users/aayte/Documents/opencv/opencv/build/include\opencv2/stitching/detail/warpers.hpp(235): warning #611-D: overloaded virtual function "cv::detail::PlaneWarper::warp" is only partially overridden in class "cv::detail::AffineWarper"
  
C:/Users/aayte/Documents/opencv/opencv/build/include\opencv2/stitching/detail/blenders.hpp(100): warning #611-D: overloaded virtual function "cv::detail::Blender::prepare" is only partially overridden in class "cv::detail::FeatherBlender"
  
C:/Users/aayte/Documents/opencv/opencv/build/include\opencv2/stitching/detail/blenders.hpp(127): warning #611-D: overloaded virtual function "cv::detail::Blender::prepare" is only partially overridden in class "cv::detail::MultiBandBlender"
  
  kernel.cu
  device_functions.h is an internal header file and must not be used directly.  This file will be removed in a future CUDA release.  Please use cuda_runtime_api.h or cuda_runtime.h instead.
  The contents of <filesystem> are available only with C++17 or later.
C:\Users\aayte\Desktop\repo\ComputerVisionCuda\src\cuda\ComputerVisionCuda\kernel.cu(37): warning C4305: 'initializing': truncation from 'double' to 'const float'
C:\Users\aayte\Desktop\repo\ComputerVisionCuda\src\cuda\ComputerVisionCuda\kernel.cu(210): warning C4068: unknown pragma 'unroll'
C:\Users\aayte\Desktop\repo\ComputerVisionCuda\src\cuda\ComputerVisionCuda\kernel.cu(213): warning C4068: unknown pragma 'unroll'
C:\Users\aayte\Desktop\repo\ComputerVisionCuda\src\cuda\ComputerVisionCuda\kernel.cu(226): warning C4068: unknown pragma 'unroll'
C:\Users\aayte\Desktop\repo\ComputerVisionCuda\src\cuda\ComputerVisionCuda\kernel.cu(229): warning C4068: unknown pragma 'unroll'
C:\Users\aayte\Desktop\repo\ComputerVisionCuda\src\cuda\ComputerVisionCuda\kernel.cu(242): warning C4068: unknown pragma 'unroll'
C:\Users\aayte\Desktop\repo\ComputerVisionCuda\src\cuda\ComputerVisionCuda\kernel.cu(245): warning C4068: unknown pragma 'unroll'
C:\Users\aayte\Desktop\repo\ComputerVisionCuda\src\cuda\ComputerVisionCuda\kernel.cu(263): warning C4068: unknown pragma 'unroll'
C:\Users\aayte\Desktop\repo\ComputerVisionCuda\src\cuda\ComputerVisionCuda\kernel.cu(266): warning C4068: unknown pragma 'unroll'
C:\Users\aayte\Desktop\repo\ComputerVisionCuda\src\cuda\ComputerVisionCuda\kernel.cu(294): warning C4267: 'initializing': conversion from 'size_t' to 'int', possible loss of data
C:\Users\aayte\Desktop\repo\ComputerVisionCuda\src\cuda\ComputerVisionCuda\kernel.cu(301): warning C4244: 'argument': conversion from 'float' to 'size_t', possible loss of data
C:\Users\aayte\Desktop\repo\ComputerVisionCuda\src\cuda\ComputerVisionCuda\kernel.cu(302): warning C4244: 'argument': conversion from 'float' to 'size_t', possible loss of data
C:\Users\aayte\Desktop\repo\ComputerVisionCuda\src\cuda\ComputerVisionCuda\kernel.cu(438): warning C4102: 'Error': unreferenced label
C:\Users\aayte\Desktop\repo\ComputerVisionCuda\src\cuda\ComputerVisionCuda\kernel.cu(278): warning C4101: 'cudaStatus': unreferenced local variable
     Creating library C:\Users\aayte\Desktop\repo\ComputerVisionCuda\src\cuda\x64\Release\ComputerVisionCuda.lib and object C:\Users\aayte\Desktop\repo\ComputerVisionCuda\src\cuda\x64\Release\ComputerVisionCuda.exp
LINK : warning LNK4098: defaultlib 'LIBCMT' conflicts with use of other libs; use /NODEFAULTLIB:library
  LINK : /LTCG specified but no code generation required; remove /LTCG from the link command line to improve linker performance
  ComputerVisionCuda.vcxproj -> C:\Users\aayte\Desktop\repo\ComputerVisionCuda\src\cuda\x64\Release\ComputerVisionCuda.exe
